MY HAND: [[2H], [6S], [6C], [7D]]
PREDICTION: -31:0.00, -30:0.00, -29:0.00, -28:0.00, -27:0.00, -26:0.00, -25:0.00, -24:0.00, -23:0.00, -22:0.00, -21:0.00, -20:0.00, -19:0.00, -18:0.00, -17:0.00, -16:0.00, -15:0.00, -14:0.00, -13:0.00, -12:0.00, -11:0.00, -10:0.00, -9:0.00, -8:0.00, -7:0.00, -6:0.01, -5:0.01, -4:0.03, -3:0.04, -2:0.07, -1:0.11, 0:0.08, 1:0.15, 2:0.12, 3:0.12, 4:0.10, 5:0.07, 6:0.05, 7:0.03, 8:0.01, 9:0.01, 10:0.00, 11:0.00, 12:0.00, 13:0.00, 14:0.00, 15:0.00, 16:0.00, 17:0.00, 18:0.00, 19:0.00, 20:0.00, 21:0.00, 22:0.00, 23:0.00, 24:0.00, 25:0.00, 26:0.00, 27:0.00, 28:0.00, 29:0.00, 30:0.00, 31:0.00
PEGGING RESULT: 0

MY HAND: [[JC], [9S], [TH], [6S]]
PREDICTION: -31:0.00, -30:0.00, -29:0.00, -28:0.00, -27:0.00, -26:0.00, -25:0.00, -24:0.00, -23:0.00, -22:0.00, -21:0.00, -20:0.00, -19:0.00, -18:0.00, -17:0.00, -16:0.00, -15:0.00, -14:0.00, -13:0.00, -12:0.00, -11:0.00, -10:0.00, -9:0.00, -8:0.00, -7:0.01, -6:0.01, -5:0.02, -4:0.04, -3:0.06, -2:0.08, -1:0.12, 0:0.12, 1:0.14, 2:0.12, 3:0.10, 4:0.08, 5:0.04, 6:0.03, 7:0.01, 8:0.00, 9:0.00, 10:0.00, 11:0.00, 12:0.00, 13:0.00, 14:0.00, 15:0.00, 16:0.00, 17:0.00, 18:0.00, 19:0.00, 20:0.00, 21:0.00, 22:0.00, 23:0.00, 24:0.00, 25:0.00, 26:0.00, 27:0.00, 28:0.00, 29:0.00, 30:0.00, 31:0.00
PEGGING RESULT: -3

MY HAND: [[7C], [5H], [JD], [3H]]
PREDICTION: -31:0.00, -30:0.00, -29:0.00, -28:0.00, -27:0.00, -26:0.00, -25:0.00, -24:0.00, -23:0.00, -22:0.00, -21:0.00, -20:0.00, -19:0.00, -18:0.00, -17:0.00, -16:0.00, -15:0.00, -14:0.00, -13:0.00, -12:0.00, -11:0.00, -10:0.00, -9:0.00, -8:0.00, -7:0.01, -6:0.01, -5:0.02, -4:0.03, -3:0.04, -2:0.06, -1:0.10, 0:0.09, 1:0.13, 2:0.11, 3:0.13, 4:0.11, 5:0.07, 6:0.05, 7:0.03, 8:0.01, 9:0.01, 10:0.00, 11:0.00, 12:0.00, 13:0.00, 14:0.00, 15:0.00, 16:0.00, 17:0.00, 18:0.00, 19:0.00, 20:0.00, 21:0.00, 22:0.00, 23:0.00, 24:0.00, 25:0.00, 26:0.00, 27:0.00, 28:0.00, 29:0.00, 30:0.00, 31:0.00
PEGGING RESULT: 4

MY HAND: [[5S], [JD], [9C], [6H]]
PREDICTION: -31:0.00, -30:0.00, -29:0.00, -28:0.00, -27:0.00, -26:0.00, -25:0.00, -24:0.00, -23:0.00, -22:0.00, -21:0.00, -20:0.00, -19:0.00, -18:0.00, -17:0.00, -16:0.00, -15:0.00, -14:0.00, -13:0.00, -12:0.00, -11:0.00, -10:0.00, -9:0.00, -8:0.00, -7:0.01, -6:0.01, -5:0.02, -4:0.04, -3:0.06, -2:0.08, -1:0.12, 0:0.11, 1:0.14, 2:0.12, 3:0.11, 4:0.09, 5:0.05, 6:0.03, 7:0.01, 8:0.01, 9:0.00, 10:0.00, 11:0.00, 12:0.00, 13:0.00, 14:0.00, 15:0.00, 16:0.00, 17:0.00, 18:0.00, 19:0.00, 20:0.00, 21:0.00, 22:0.00, 23:0.00, 24:0.00, 25:0.00, 26:0.00, 27:0.00, 28:0.00, 29:0.00, 30:0.00, 31:0.00
PEGGING RESULT: 1

MY HAND: [[AS], [6D], [8C], [9H]]
PREDICTION: -31:0.00, -30:0.00, -29:0.00, -28:0.00, -27:0.00, -26:0.00, -25:0.00, -24:0.00, -23:0.00, -22:0.00, -21:0.00, -20:0.00, -19:0.00, -18:0.00, -17:0.00, -16:0.00, -15:0.00, -14:0.00, -13:0.00, -12:0.00, -11:0.00, -10:0.00, -9:0.00, -8:0.00, -7:0.01, -6:0.01, -5:0.02, -4:0.03, -3:0.05, -2:0.07, -1:0.11, 0:0.10, 1:0.14, 2:0.12, 3:0.11, 4:0.09, 5:0.06, 6:0.04, 7:0.02, 8:0.01, 9:0.00, 10:0.00, 11:0.00, 12:0.00, 13:0.00, 14:0.00, 15:0.00, 16:0.00, 17:0.00, 18:0.00, 19:0.00, 20:0.00, 21:0.00, 22:0.00, 23:0.00, 24:0.00, 25:0.00, 26:0.00, 27:0.00, 28:0.00, 29:0.00, 30:0.00, 31:0.00
PEGGING RESULT: 4

MY HAND: [[TH], [8C], [8S], [8H]]
PREDICTION: -31:0.00, -30:0.00, -29:0.00, -28:0.00, -27:0.00, -26:0.00, -25:0.00, -24:0.00, -23:0.00, -22:0.00, -21:0.00, -20:0.00, -19:0.00, -18:0.00, -17:0.00, -16:0.00, -15:0.00, -14:0.00, -13:0.00, -12:0.00, -11:0.00, -10:0.00, -9:0.00, -8:0.00, -7:0.01, -6:0.01, -5:0.02, -4:0.04, -3:0.06, -2:0.08, -1:0.12, 0:0.11, 1:0.14, 2:0.12, 3:0.10, 4:0.09, 5:0.04, 6:0.03, 7:0.01, 8:0.01, 9:0.00, 10:0.00, 11:0.00, 12:0.00, 13:0.00, 14:0.00, 15:0.00, 16:0.00, 17:0.00, 18:0.00, 19:0.00, 20:0.00, 21:0.00, 22:0.00, 23:0.00, 24:0.00, 25:0.00, 26:0.00, 27:0.00, 28:0.00, 29:0.00, 30:0.00, 31:0.00
PEGGING RESULT: 0

MY HAND: [[9S], [7H], [9C], [6S]]
PREDICTION: -31:0.00, -30:0.00, -29:0.00, -28:0.00, -27:0.00, -26:0.00, -25:0.00, -24:0.00, -23:0.00, -22:0.00, -21:0.00, -20:0.00, -19:0.00, -18:0.00, -17:0.00, -16:0.00, -15:0.00, -14:0.00, -13:0.00, -12:0.00, -11:0.00, -10:0.00, -9:0.00, -8:0.00, -7:0.01, -6:0.01, -5:0.02, -4:0.04, -3:0.06, -2:0.08, -1:0.12, 0:0.11, 1:0.14, 2:0.12, 3:0.10, 4:0.09, 5:0.04, 6:0.03, 7:0.01, 8:0.01, 9:0.00, 10:0.00, 11:0.00, 12:0.00, 13:0.00, 14:0.00, 15:0.00, 16:0.00, 17:0.00, 18:0.00, 19:0.00, 20:0.00, 21:0.00, 22:0.00, 23:0.00, 24:0.00, 25:0.00, 26:0.00, 27:0.00, 28:0.00, 29:0.00, 30:0.00, 31:0.00
PEGGING RESULT: 2

MY HAND: [[5H], [4H], [3H], [8S]]
PREDICTION: -31:0.00, -30:0.00, -29:0.00, -28:0.00, -27:0.00, -26:0.00, -25:0.00, -24:0.00, -23:0.00, -22:0.00, -21:0.00, -20:0.00, -19:0.00, -18:0.00, -17:0.00, -16:0.00, -15:0.00, -14:0.00, -13:0.00, -12:0.00, -11:0.00, -10:0.00, -9:0.00, -8:0.00, -7:0.01, -6:0.01, -5:0.01, -4:0.03, -3:0.04, -2:0.06, -1:0.09, 0:0.08, 1:0.13, 2:0.10, 3:0.13, 4:0.12, 5:0.08, 6:0.06, 7:0.04, 8:0.02, 9:0.01, 10:0.00, 11:0.00, 12:0.00, 13:0.00, 14:0.00, 15:0.00, 16:0.00, 17:0.00, 18:0.00, 19:0.00, 20:0.00, 21:0.00, 22:0.00, 23:0.00, 24:0.00, 25:0.00, 26:0.00, 27:0.00, 28:0.00, 29:0.00, 30:0.00, 31:0.00
PEGGING RESULT: 3

MY HAND: [[6H], [TH], [9H], [3H]]
PREDICTION: -31:0.00, -30:0.00, -29:0.00, -28:0.00, -27:0.00, -26:0.00, -25:0.00, -24:0.00, -23:0.00, -22:0.00, -21:0.00, -20:0.00, -19:0.00, -18:0.00, -17:0.00, -16:0.00, -15:0.00, -14:0.00, -13:0.00, -12:0.00, -11:0.00, -10:0.00, -9:0.00, -8:0.00, -7:0.01, -6:0.01, -5:0.02, -4:0.04, -3:0.06, -2:0.08, -1:0.12, 0:0.11, 1:0.14, 2:0.12, 3:0.10, 4:0.09, 5:0.04, 6:0.03, 7:0.01, 8:0.01, 9:0.00, 10:0.00, 11:0.00, 12:0.00, 13:0.00, 14:0.00, 15:0.00, 16:0.00, 17:0.00, 18:0.00, 19:0.00, 20:0.00, 21:0.00, 22:0.00, 23:0.00, 24:0.00, 25:0.00, 26:0.00, 27:0.00, 28:0.00, 29:0.00, 30:0.00, 31:0.00
PEGGING RESULT: 1

MY HAND: [[TC], [4C], [2S], [2C]]
PREDICTION: -31:0.00, -30:0.00, -29:0.00, -28:0.00, -27:0.00, -26:0.00, -25:0.00, -24:0.00, -23:0.00, -22:0.00, -21:0.00, -20:0.00, -19:0.00, -18:0.00, -17:0.00, -16:0.00, -15:0.00, -14:0.00, -13:0.00, -12:0.00, -11:0.00, -10:0.00, -9:0.00, -8:0.00, -7:0.00, -6:0.01, -5:0.01, -4:0.03, -3:0.04, -2:0.07, -1:0.11, 0:0.09, 1:0.15, 2:0.12, 3:0.12, 4:0.10, 5:0.07, 6:0.04, 7:0.02, 8:0.01, 9:0.00, 10:0.00, 11:0.00, 12:0.00, 13:0.00, 14:0.00, 15:0.00, 16:0.00, 17:0.00, 18:0.00, 19:0.00, 20:0.00, 21:0.00, 22:0.00, 23:0.00, 24:0.00, 25:0.00, 26:0.00, 27:0.00, 28:0.00, 29:0.00, 30:0.00, 31:0.00
PEGGING RESULT: 1

MY HAND: [[JD], [JC], [KD], [JH]]
PREDICTION: -31:0.00, -30:0.00, -29:0.00, -28:0.00, -27:0.00, -26:0.00, -25:0.00, -24:0.00, -23:0.00, -22:0.00, -21:0.00, -20:0.00, -19:0.00, -18:0.00, -17:0.00, -16:0.00, -15:0.00, -14:0.00, -13:0.00, -12:0.00, -11:0.00, -10:0.00, -9:0.00, -8:0.00, -7:0.01, -6:0.01, -5:0.02, -4:0.04, -3:0.06, -2:0.08, -1:0.12, 0:0.12, 1:0.14, 2:0.12, 3:0.10, 4:0.08, 5:0.04, 6:0.03, 7:0.01, 8:0.01, 9:0.00, 10:0.00, 11:0.00, 12:0.00, 13:0.00, 14:0.00, 15:0.00, 16:0.00, 17:0.00, 18:0.00, 19:0.00, 20:0.00, 21:0.00, 22:0.00, 23:0.00, 24:0.00, 25:0.00, 26:0.00, 27:0.00, 28:0.00, 29:0.00, 30:0.00, 31:0.00
PEGGING RESULT: -1

MY HAND: [[5C], [6S], [9C], [6D]]
PREDICTION: -31:0.00, -30:0.00, -29:0.00, -28:0.00, -27:0.00, -26:0.00, -25:0.00, -24:0.00, -23:0.00, -22:0.00, -21:0.00, -20:0.00, -19:0.00, -18:0.00, -17:0.00, -16:0.00, -15:0.00, -14:0.00, -13:0.00, -12:0.00, -11:0.00, -10:0.00, -9:0.00, -8:0.00, -7:0.01, -6:0.01, -5:0.02, -4:0.03, -3:0.04, -2:0.06, -1:0.09, 0:0.08, 1:0.13, 2:0.10, 3:0.13, 4:0.11, 5:0.07, 6:0.06, 7:0.03, 8:0.02, 9:0.01, 10:0.00, 11:0.00, 12:0.00, 13:0.00, 14:0.00, 15:0.00, 16:0.00, 17:0.00, 18:0.00, 19:0.00, 20:0.00, 21:0.00, 22:0.00, 23:0.00, 24:0.00, 25:0.00, 26:0.00, 27:0.00, 28:0.00, 29:0.00, 30:0.00, 31:0.00
PEGGING RESULT: 3

MY HAND: [[8C], [TD], [TH], [8H]]
PREDICTION: -31:0.00, -30:0.00, -29:0.00, -28:0.00, -27:0.00, -26:0.00, -25:0.00, -24:0.00, -23:0.00, -22:0.00, -21:0.00, -20:0.00, -19:0.00, -18:0.00, -17:0.00, -16:0.00, -15:0.00, -14:0.00, -13:0.00, -12:0.00, -11:0.00, -10:0.00, -9:0.00, -8:0.00, -7:0.01, -6:0.01, -5:0.02, -4:0.04, -3:0.06, -2:0.08, -1:0.12, 0:0.12, 1:0.14, 2:0.12, 3:0.10, 4:0.08, 5:0.04, 6:0.03, 7:0.01, 8:0.01, 9:0.00, 10:0.00, 11:0.00, 12:0.00, 13:0.00, 14:0.00, 15:0.00, 16:0.00, 17:0.00, 18:0.00, 19:0.00, 20:0.00, 21:0.00, 22:0.00, 23:0.00, 24:0.00, 25:0.00, 26:0.00, 27:0.00, 28:0.00, 29:0.00, 30:0.00, 31:0.00
PEGGING RESULT: -4

MY HAND: [[3C], [JC], [7C], [5C]]
PREDICTION: -31:0.00, -30:0.00, -29:0.00, -28:0.00, -27:0.00, -26:0.00, -25:0.00, -24:0.00, -23:0.00, -22:0.00, -21:0.00, -20:0.00, -19:0.00, -18:0.00, -17:0.00, -16:0.00, -15:0.00, -14:0.00, -13:0.00, -12:0.00, -11:0.00, -10:0.00, -9:0.00, -8:0.00, -7:0.01, -6:0.01, -5:0.02, -4:0.04, -3:0.05, -2:0.08, -1:0.11, 0:0.11, 1:0.14, 2:0.12, 3:0.11, 4:0.09, 5:0.05, 6:0.03, 7:0.01, 8:0.01, 9:0.00, 10:0.00, 11:0.00, 12:0.00, 13:0.00, 14:0.00, 15:0.00, 16:0.00, 17:0.00, 18:0.00, 19:0.00, 20:0.00, 21:0.00, 22:0.00, 23:0.00, 24:0.00, 25:0.00, 26:0.00, 27:0.00, 28:0.00, 29:0.00, 30:0.00, 31:0.00
PEGGING RESULT: 5

MY HAND: [[3C], [5C], [4S], [7C]]
PREDICTION: -31:0.00, -30:0.00, -29:0.00, -28:0.00, -27:0.00, -26:0.00, -25:0.00, -24:0.00, -23:0.00, -22:0.00, -21:0.00, -20:0.00, -19:0.00, -18:0.00, -17:0.00, -16:0.00, -15:0.00, -14:0.00, -13:0.00, -12:0.00, -11:0.00, -10:0.00, -9:0.00, -8:0.00, -7:0.01, -6:0.01, -5:0.02, -4:0.03, -3:0.04, -2:0.06, -1:0.09, 0:0.08, 1:0.13, 2:0.10, 3:0.13, 4:0.11, 5:0.08, 6:0.06, 7:0.03, 8:0.02, 9:0.01, 10:0.00, 11:0.00, 12:0.00, 13:0.00, 14:0.00, 15:0.00, 16:0.00, 17:0.00, 18:0.00, 19:0.00, 20:0.00, 21:0.00, 22:0.00, 23:0.00, 24:0.00, 25:0.00, 26:0.00, 27:0.00, 28:0.00, 29:0.00, 30:0.00, 31:0.00
PEGGING RESULT: -3

MY HAND: [[5C], [TC], [2C], [7C]]
PREDICTION: -31:0.00, -30:0.00, -29:0.00, -28:0.00, -27:0.00, -26:0.00, -25:0.00, -24:0.00, -23:0.00, -22:0.00, -21:0.00, -20:0.00, -19:0.00, -18:0.00, -17:0.00, -16:0.00, -15:0.00, -14:0.00, -13:0.00, -12:0.00, -11:0.00, -10:0.00, -9:0.00, -8:0.00, -7:0.01, -6:0.01, -5:0.02, -4:0.04, -3:0.05, -2:0.08, -1:0.11, 0:0.10, 1:0.14, 2:0.12, 3:0.11, 4:0.09, 5:0.05, 6:0.04, 7:0.02, 8:0.01, 9:0.00, 10:0.00, 11:0.00, 12:0.00, 13:0.00, 14:0.00, 15:0.00, 16:0.00, 17:0.00, 18:0.00, 19:0.00, 20:0.00, 21:0.00, 22:0.00, 23:0.00, 24:0.00, 25:0.00, 26:0.00, 27:0.00, 28:0.00, 29:0.00, 30:0.00, 31:0.00
PEGGING RESULT: 4

MY HAND: [[JC], [KS], [JH], [KD]]
PREDICTION: -31:0.00, -30:0.00, -29:0.00, -28:0.00, -27:0.00, -26:0.00, -25:0.00, -24:0.00, -23:0.00, -22:0.00, -21:0.00, -20:0.00, -19:0.00, -18:0.00, -17:0.00, -16:0.00, -15:0.00, -14:0.00, -13:0.00, -12:0.00, -11:0.00, -10:0.00, -9:0.00, -8:0.00, -7:0.01, -6:0.01, -5:0.03, -4:0.06, -3:0.07, -2:0.09, -1:0.13, 0:0.15, 1:0.14, 2:0.12, 3:0.08, 4:0.07, 5:0.02, 6:0.02, 7:0.00, 8:0.00, 9:0.00, 10:0.00, 11:0.00, 12:0.00, 13:0.00, 14:0.00, 15:0.00, 16:0.00, 17:0.00, 18:0.00, 19:0.00, 20:0.00, 21:0.00, 22:0.00, 23:0.00, 24:0.00, 25:0.00, 26:0.00, 27:0.00, 28:0.00, 29:0.00, 30:0.00, 31:0.00
PEGGING RESULT: -2

MY HAND: [[AS], [6S], [4H], [9D]]
PREDICTION: -31:0.00, -30:0.00, -29:0.00, -28:0.00, -27:0.00, -26:0.00, -25:0.00, -24:0.00, -23:0.00, -22:0.00, -21:0.00, -20:0.00, -19:0.00, -18:0.00, -17:0.00, -16:0.00, -15:0.00, -14:0.00, -13:0.00, -12:0.00, -11:0.00, -10:0.00, -9:0.00, -8:0.00, -7:0.01, -6:0.01, -5:0.02, -4:0.03, -3:0.05, -2:0.08, -1:0.11, 0:0.10, 1:0.14, 2:0.12, 3:0.11, 4:0.09, 5:0.06, 6:0.04, 7:0.02, 8:0.01, 9:0.00, 10:0.00, 11:0.00, 12:0.00, 13:0.00, 14:0.00, 15:0.00, 16:0.00, 17:0.00, 18:0.00, 19:0.00, 20:0.00, 21:0.00, 22:0.00, 23:0.00, 24:0.00, 25:0.00, 26:0.00, 27:0.00, 28:0.00, 29:0.00, 30:0.00, 31:0.00
PEGGING RESULT: 7

MY HAND: [[2S], [JD], [QS], [5S]]
PREDICTION: -31:0.00, -30:0.00, -29:0.00, -28:0.00, -27:0.00, -26:0.00, -25:0.00, -24:0.00, -23:0.00, -22:0.00, -21:0.00, -20:0.00, -19:0.00, -18:0.00, -17:0.00, -16:0.00, -15:0.00, -14:0.00, -13:0.00, -12:0.00, -11:0.00, -10:0.00, -9:0.00, -8:0.00, -7:0.01, -6:0.01, -5:0.02, -4:0.04, -3:0.06, -2:0.08, -1:0.12, 0:0.11, 1:0.14, 2:0.12, 3:0.10, 4:0.09, 5:0.04, 6:0.03, 7:0.01, 8:0.01, 9:0.00, 10:0.00, 11:0.00, 12:0.00, 13:0.00, 14:0.00, 15:0.00, 16:0.00, 17:0.00, 18:0.00, 19:0.00, 20:0.00, 21:0.00, 22:0.00, 23:0.00, 24:0.00, 25:0.00, 26:0.00, 27:0.00, 28:0.00, 29:0.00, 30:0.00, 31:0.00
PEGGING RESULT: -2

MY HAND: [[AH], [4S], [JH], [QD]]
PREDICTION: -31:0.00, -30:0.00, -29:0.00, -28:0.00, -27:0.00, -26:0.00, -25:0.00, -24:0.00, -23:0.00, -22:0.00, -21:0.00, -20:0.00, -19:0.00, -18:0.00, -17:0.00, -16:0.00, -15:0.00, -14:0.00, -13:0.00, -12:0.00, -11:0.00, -10:0.00, -9:0.00, -8:0.00, -7:0.01, -6:0.01, -5:0.02, -4:0.04, -3:0.06, -2:0.08, -1:0.12, 0:0.11, 1:0.14, 2:0.12, 3:0.10, 4:0.09, 5:0.04, 6:0.03, 7:0.01, 8:0.01, 9:0.00, 10:0.00, 11:0.00, 12:0.00, 13:0.00, 14:0.00, 15:0.00, 16:0.00, 17:0.00, 18:0.00, 19:0.00, 20:0.00, 21:0.00, 22:0.00, 23:0.00, 24:0.00, 25:0.00, 26:0.00, 27:0.00, 28:0.00, 29:0.00, 30:0.00, 31:0.00
PEGGING RESULT: 5

MY HAND: [[TH], [TS], [QS], [8S]]
PREDICTION: -31:0.00, -30:0.00, -29:0.00, -28:0.00, -27:0.00, -26:0.00, -25:0.00, -24:0.00, -23:0.00, -22:0.00, -21:0.00, -20:0.00, -19:0.00, -18:0.00, -17:0.00, -16:0.00, -15:0.00, -14:0.00, -13:0.00, -12:0.00, -11:0.00, -10:0.00, -9:0.00, -8:0.00, -7:0.01, -6:0.01, -5:0.02, -4:0.04, -3:0.06, -2:0.08, -1:0.12, 0:0.11, 1:0.14, 2:0.12, 3:0.10, 4:0.09, 5:0.04, 6:0.03, 7:0.01, 8:0.01, 9:0.00, 10:0.00, 11:0.00, 12:0.00, 13:0.00, 14:0.00, 15:0.00, 16:0.00, 17:0.00, 18:0.00, 19:0.00, 20:0.00, 21:0.00, 22:0.00, 23:0.00, 24:0.00, 25:0.00, 26:0.00, 27:0.00, 28:0.00, 29:0.00, 30:0.00, 31:0.00
PEGGING RESULT: 1

MY HAND: [[2C], [2H], [6H], [7S]]
PREDICTION: -31:0.00, -30:0.00, -29:0.00, -28:0.00, -27:0.00, -26:0.00, -25:0.00, -24:0.00, -23:0.00, -22:0.00, -21:0.00, -20:0.00, -19:0.00, -18:0.00, -17:0.00, -16:0.00, -15:0.00, -14:0.00, -13:0.00, -12:0.00, -11:0.00, -10:0.00, -9:0.00, -8:0.00, -7:0.00, -6:0.01, -5:0.01, -4:0.03, -3:0.04, -2:0.07, -1:0.11, 0:0.09, 1:0.15, 2:0.12, 3:0.12, 4:0.10, 5:0.07, 6:0.04, 7:0.02, 8:0.01, 9:0.00, 10:0.00, 11:0.00, 12:0.00, 13:0.00, 14:0.00, 15:0.00, 16:0.00, 17:0.00, 18:0.00, 19:0.00, 20:0.00, 21:0.00, 22:0.00, 23:0.00, 24:0.00, 25:0.00, 26:0.00, 27:0.00, 28:0.00, 29:0.00, 30:0.00, 31:0.00
PEGGING RESULT: 4

MY HAND: [[9S], [KS], [5H], [6C]]
PREDICTION: -31:0.00, -30:0.00, -29:0.00, -28:0.00, -27:0.00, -26:0.00, -25:0.00, -24:0.00, -23:0.00, -22:0.00, -21:0.00, -20:0.00, -19:0.00, -18:0.00, -17:0.00, -16:0.00, -15:0.00, -14:0.00, -13:0.00, -12:0.00, -11:0.00, -10:0.00, -9:0.00, -8:0.00, -7:0.01, -6:0.01, -5:0.02, -4:0.04, -3:0.06, -2:0.08, -1:0.12, 0:0.11, 1:0.14, 2:0.12, 3:0.10, 4:0.09, 5:0.04, 6:0.03, 7:0.01, 8:0.01, 9:0.00, 10:0.00, 11:0.00, 12:0.00, 13:0.00, 14:0.00, 15:0.00, 16:0.00, 17:0.00, 18:0.00, 19:0.00, 20:0.00, 21:0.00, 22:0.00, 23:0.00, 24:0.00, 25:0.00, 26:0.00, 27:0.00, 28:0.00, 29:0.00, 30:0.00, 31:0.00
PEGGING RESULT: -4

MY HAND: [[AH], [KC], [AC], [KS]]
PREDICTION: -31:0.00, -30:0.00, -29:0.00, -28:0.00, -27:0.00, -26:0.00, -25:0.00, -24:0.00, -23:0.00, -22:0.00, -21:0.00, -20:0.00, -19:0.00, -18:0.00, -17:0.00, -16:0.00, -15:0.00, -14:0.00, -13:0.00, -12:0.00, -11:0.00, -10:0.00, -9:0.00, -8:0.00, -7:0.01, -6:0.01, -5:0.02, -4:0.03, -3:0.05, -2:0.07, -1:0.11, 0:0.10, 1:0.14, 2:0.12, 3:0.11, 4:0.09, 5:0.06, 6:0.04, 7:0.02, 8:0.01, 9:0.00, 10:0.00, 11:0.00, 12:0.00, 13:0.00, 14:0.00, 15:0.00, 16:0.00, 17:0.00, 18:0.00, 19:0.00, 20:0.00, 21:0.00, 22:0.00, 23:0.00, 24:0.00, 25:0.00, 26:0.00, 27:0.00, 28:0.00, 29:0.00, 30:0.00, 31:0.00
PEGGING RESULT: 3

MY HAND: [[JH], [TC], [QC], [KD]]
PREDICTION: -31:0.00, -30:0.00, -29:0.00, -28:0.00, -27:0.00, -26:0.00, -25:0.00, -24:0.00, -23:0.00, -22:0.00, -21:0.00, -20:0.00, -19:0.00, -18:0.00, -17:0.00, -16:0.00, -15:0.00, -14:0.00, -13:0.00, -12:0.00, -11:0.00, -10:0.00, -9:0.00, -8:0.00, -7:0.01, -6:0.01, -5:0.02, -4:0.05, -3:0.07, -2:0.09, -1:0.12, 0:0.13, 1:0.14, 2:0.12, 3:0.09, 4:0.08, 5:0.03, 6:0.02, 7:0.01, 8:0.00, 9:0.00, 10:0.00, 11:0.00, 12:0.00, 13:0.00, 14:0.00, 15:0.00, 16:0.00, 17:0.00, 18:0.00, 19:0.00, 20:0.00, 21:0.00, 22:0.00, 23:0.00, 24:0.00, 25:0.00, 26:0.00, 27:0.00, 28:0.00, 29:0.00, 30:0.00, 31:0.00
PEGGING RESULT: -1

MY HAND: [[9C], [2C], [JC], [AC]]
PREDICTION: -31:0.00, -30:0.00, -29:0.00, -28:0.00, -27:0.00, -26:0.00, -25:0.00, -24:0.00, -23:0.00, -22:0.00, -21:0.00, -20:0.00, -19:0.00, -18:0.00, -17:0.00, -16:0.00, -15:0.00, -14:0.00, -13:0.00, -12:0.00, -11:0.00, -10:0.00, -9:0.00, -8:0.00, -7:0.01, -6:0.01, -5:0.02, -4:0.03, -3:0.05, -2:0.08, -1:0.11, 0:0.10, 1:0.14, 2:0.12, 3:0.11, 4:0.09, 5:0.05, 6:0.04, 7:0.02, 8:0.01, 9:0.00, 10:0.00, 11:0.00, 12:0.00, 13:0.00, 14:0.00, 15:0.00, 16:0.00, 17:0.00, 18:0.00, 19:0.00, 20:0.00, 21:0.00, 22:0.00, 23:0.00, 24:0.00, 25:0.00, 26:0.00, 27:0.00, 28:0.00, 29:0.00, 30:0.00, 31:0.00
PEGGING RESULT: 1
